0 info it worked if it ends with ok
1 verbose cli [ '/usr/local/bin/node',
1 verbose cli   '/usr/local/bin/npm',
1 verbose cli   'install',
1 verbose cli   'esversion:',
1 verbose cli   '6' ]
2 info using npm@3.10.6
3 info using node@v6.2.0
4 silly loadCurrentTree Starting
5 silly install loadCurrentTree
6 silly install readLocalPackageData
7 silly fetchPackageMetaData esversion:
8 silly fetchPackageMetaData 6
9 silly fetchPackageMetaData Error: Unsupported URL Type: esversion:
9 silly fetchPackageMetaData     at parseUrl (/usr/local/lib/node_modules/npm/node_modules/npm-package-arg/npa.js:186:13)
9 silly fetchPackageMetaData     at npa (/usr/local/lib/node_modules/npm/node_modules/npm-package-arg/npa.js:79:12)
9 silly fetchPackageMetaData     at module.exports (/usr/local/lib/node_modules/npm/node_modules/realize-package-specifier/index.js:12:15)
9 silly fetchPackageMetaData     at fetchPackageMetadata (/usr/local/lib/node_modules/npm/lib/fetch-package-metadata.js:54:12)
9 silly fetchPackageMetaData     at fetchMetadataWithVersion (/usr/local/lib/node_modules/npm/lib/install/deps.js:220:14)
9 silly fetchPackageMetaData     at /usr/local/lib/node_modules/npm/lib/install/deps.js:233:16
9 silly fetchPackageMetaData     at /usr/local/lib/node_modules/npm/node_modules/slide/lib/async-map.js:52:35
9 silly fetchPackageMetaData     at Array.forEach (native)
9 silly fetchPackageMetaData     at /usr/local/lib/node_modules/npm/node_modules/slide/lib/async-map.js:52:11
9 silly fetchPackageMetaData     at Array.forEach (native)
9 silly fetchPackageMetaData  error for esversion: Error: Unsupported URL Type: esversion:
9 silly fetchPackageMetaData     at parseUrl (/usr/local/lib/node_modules/npm/node_modules/npm-package-arg/npa.js:186:13)
9 silly fetchPackageMetaData     at npa (/usr/local/lib/node_modules/npm/node_modules/npm-package-arg/npa.js:79:12)
9 silly fetchPackageMetaData     at module.exports (/usr/local/lib/node_modules/npm/node_modules/realize-package-specifier/index.js:12:15)
9 silly fetchPackageMetaData     at fetchPackageMetadata (/usr/local/lib/node_modules/npm/lib/fetch-package-metadata.js:54:12)
9 silly fetchPackageMetaData     at fetchMetadataWithVersion (/usr/local/lib/node_modules/npm/lib/install/deps.js:220:14)
9 silly fetchPackageMetaData     at /usr/local/lib/node_modules/npm/lib/install/deps.js:233:16
9 silly fetchPackageMetaData     at /usr/local/lib/node_modules/npm/node_modules/slide/lib/async-map.js:52:35
9 silly fetchPackageMetaData     at Array.forEach (native)
9 silly fetchPackageMetaData     at /usr/local/lib/node_modules/npm/node_modules/slide/lib/async-map.js:52:11
9 silly fetchPackageMetaData     at Array.forEach (native)
10 silly fetchNamedPackageData 6
11 silly mapToRegistry name 6
12 silly mapToRegistry using default registry
13 silly mapToRegistry registry https://registry.npmjs.org/
14 silly mapToRegistry data Result {
14 silly mapToRegistry   raw: '6',
14 silly mapToRegistry   scope: null,
14 silly mapToRegistry   escapedName: '6',
14 silly mapToRegistry   name: '6',
14 silly mapToRegistry   rawSpec: '',
14 silly mapToRegistry   spec: 'latest',
14 silly mapToRegistry   type: 'tag' }
15 silly mapToRegistry uri https://registry.npmjs.org/6
16 verbose request uri https://registry.npmjs.org/6
17 verbose request no auth needed
18 info attempt registry request try #1 at 11:20:49 AM
19 verbose request id bd44821dd6c0794f
20 http request GET https://registry.npmjs.org/6
21 http 200 https://registry.npmjs.org/6
22 verbose headers { server: 'CouchDB/1.5.0 (Erlang OTP/R16B03)',
22 verbose headers   etag: '"1SOCFV9AIMFOFOIIQKZUHGV5S"',
22 verbose headers   'content-type': 'application/json',
22 verbose headers   'content-encoding': 'gzip',
22 verbose headers   'cache-control': 'max-age=300',
22 verbose headers   'content-length': '519',
22 verbose headers   'accept-ranges': 'bytes',
22 verbose headers   date: 'Sat, 06 Aug 2016 15:20:50 GMT',
22 verbose headers   via: '1.1 varnish',
22 verbose headers   age: '0',
22 verbose headers   connection: 'keep-alive',
22 verbose headers   'x-served-by': 'cache-yyz8335-YYZ',
22 verbose headers   'x-cache': 'MISS',
22 verbose headers   'x-cache-hits': '0',
22 verbose headers   'x-timer': 'S1470496850.728745,VS0,VE160',
22 verbose headers   vary: 'Accept-Encoding' }
23 silly get cb [ 200,
23 silly get   { server: 'CouchDB/1.5.0 (Erlang OTP/R16B03)',
23 silly get     etag: '"1SOCFV9AIMFOFOIIQKZUHGV5S"',
23 silly get     'content-type': 'application/json',
23 silly get     'content-encoding': 'gzip',
23 silly get     'cache-control': 'max-age=300',
23 silly get     'content-length': '519',
23 silly get     'accept-ranges': 'bytes',
23 silly get     date: 'Sat, 06 Aug 2016 15:20:50 GMT',
23 silly get     via: '1.1 varnish',
23 silly get     age: '0',
23 silly get     connection: 'keep-alive',
23 silly get     'x-served-by': 'cache-yyz8335-YYZ',
23 silly get     'x-cache': 'MISS',
23 silly get     'x-cache-hits': '0',
23 silly get     'x-timer': 'S1470496850.728745,VS0,VE160',
23 silly get     vary: 'Accept-Encoding' } ]
24 verbose get saving 6 to /Users/adam/.npm/registry.npmjs.org/6/.cache.json
25 verbose correctMkdir /Users/adam/.npm correctMkdir not in flight; initializing
26 silly rollbackFailedOptional Starting
27 silly rollbackFailedOptional Finishing
28 silly runTopLevelLifecycles Starting
29 silly runTopLevelLifecycles Finishing
30 silly install printInstalled
31 verbose stack Error: Unsupported URL Type: esversion:
31 verbose stack     at parseUrl (/usr/local/lib/node_modules/npm/node_modules/npm-package-arg/npa.js:186:13)
31 verbose stack     at npa (/usr/local/lib/node_modules/npm/node_modules/npm-package-arg/npa.js:79:12)
31 verbose stack     at module.exports (/usr/local/lib/node_modules/npm/node_modules/realize-package-specifier/index.js:12:15)
31 verbose stack     at fetchPackageMetadata (/usr/local/lib/node_modules/npm/lib/fetch-package-metadata.js:54:12)
31 verbose stack     at fetchMetadataWithVersion (/usr/local/lib/node_modules/npm/lib/install/deps.js:220:14)
31 verbose stack     at /usr/local/lib/node_modules/npm/lib/install/deps.js:233:16
31 verbose stack     at /usr/local/lib/node_modules/npm/node_modules/slide/lib/async-map.js:52:35
31 verbose stack     at Array.forEach (native)
31 verbose stack     at /usr/local/lib/node_modules/npm/node_modules/slide/lib/async-map.js:52:11
31 verbose stack     at Array.forEach (native)
32 verbose cwd /Users/adam/Desktop/TheIronYard/MarvelSite
33 error Darwin 15.5.0
34 error argv "/usr/local/bin/node" "/usr/local/bin/npm" "install" "esversion:" "6"
35 error node v6.2.0
36 error npm  v3.10.6
37 error Unsupported URL Type: esversion:
38 error If you need help, you may report this error at:
38 error     <https://github.com/npm/npm/issues>
39 verbose exit [ 1, true ]
